2025-06-04T07:29:11.646833+0000 INFO Logger initialized successfully.
2025-06-04T07:29:49.045183+0000 INFO Logger initialized successfully.
2025-06-04T07:29:52.058516+0000 INFO Search completed for keyword: 
2025-06-04T07:30:18.699853+0000 INFO Logger initialized successfully.
2025-06-04T07:30:43.506691+0000 INFO Logger initialized successfully.
2025-06-04T07:32:26.789836+0000 INFO Logger initialized successfully.
2025-06-04T07:32:32.877087+0000 INFO Logger initialized successfully.
2025-06-04T07:32:41.696991+0000 INFO Logger initialized successfully.
2025-06-04T07:33:26.177316+0000 INFO Logger initialized successfully.
2025-06-04T07:33:55.033411+0000 INFO Logger initialized successfully.
2025-06-04T07:34:07.332714+0000 INFO Logger initialized successfully.
2025-06-04T07:34:21.989498+0000 INFO Logger initialized successfully.
2025-06-04T07:34:47.402541+0000 INFO Logger initialized successfully.
2025-06-04T07:35:06.226635+0000 INFO Logger initialized successfully.
2025-06-04T07:35:48.743531+0000 INFO Logger initialized successfully.
2025-06-04T07:36:09.168303+0000 INFO Logger initialized successfully.
2025-06-04T07:45:05.440254+0000 INFO Logger initialized successfully.
2025-06-04T07:45:19.226269+0000 INFO Search completed for keyword: 
2025-06-04T07:45:27.465026+0000 INFO Search completed for keyword: wtc
2025-06-04T07:45:37.687971+0000 INFO Search completed for keyword: wtc
2025-06-04T07:45:39.957043+0000 INFO Clearing all results from the listbox.
2025-06-04T07:45:42.209676+0000 INFO Search completed for keyword: 
2025-06-04T07:51:05.516007+0000 INFO Logger initialized successfully.
2025-06-04T07:51:17.923618+0000 INFO Search completed for keyword: 
2025-06-04T07:51:54.400705+0000 INFO Logger initialized successfully.
2025-06-04T07:51:58.156089+0000 INFO Search completed for keyword: 
2025-06-04T07:52:00.412805+0000 INFO Search completed for keyword: 
2025-06-04T07:52:00.534394+0000 INFO Search completed for keyword: 
2025-06-04T07:52:00.629044+0000 INFO Search completed for keyword: 
2025-06-04T07:52:00.745638+0000 INFO Search completed for keyword: 
2025-06-04T07:52:00.845764+0000 INFO Search completed for keyword: 
2025-06-04T08:19:22.468279+0000 INFO Logger initialized successfully.
2025-06-04T08:21:54.355665+0000 INFO Logger initialized successfully.
2025-06-04T08:22:44.187042+0000 INFO Logger initialized successfully.
2025-06-04T08:31:57.782118+0000 INFO Logger initialized successfully.
2025-06-04T08:35:30.294584+0000 INFO Logger initialized successfully.
2025-06-04T08:36:35.163388+0000 INFO Logger initialized successfully.
2025-06-04T08:38:44.995518+0000 INFO Logger initialized successfully.
2025-06-04T08:40:44.840284+0000 INFO Logger initialized successfully.
2025-06-04T08:43:47.716211+0000 INFO Logger initialized successfully.
2025-06-04T08:44:32.709495+0000 INFO Logger initialized successfully.
2025-06-04T08:45:27.888209+0000 INFO Logger initialized successfully.
2025-06-04T08:47:25.486543+0000 INFO Logger initialized successfully.
2025-06-04T08:48:48.536882+0000 INFO Logger initialized successfully.
2025-06-04T08:49:56.934521+0000 INFO Logger initialized successfully.
2025-06-04T09:02:17.987497+0000 INFO Logger initialized successfully.
2025-06-04T09:03:16.273856+0000 INFO Logger initialized successfully.
2025-06-04T09:04:51.187173+0000 INFO Logger initialized successfully.
2025-06-04T09:06:27.084193+0000 INFO Logger initialized successfully.
2025-06-04T09:07:25.235482+0000 INFO Logger initialized successfully.
2025-06-04T12:14:48.735074+0000 INFO Logger initialized successfully.
2025-06-04T12:15:42.869165+0000 INFO Logger initialized successfully.
2025-06-04T12:16:34.362194+0000 INFO Logger initialized successfully.
2025-06-04T12:17:19.444203+0000 INFO 🔵 Table 'videos_metadata' created or already exists.🟣
2025-06-04T12:18:55.757734+0000 INFO Logger initialized successfully.
2025-06-04T12:19:04.790203+0000 INFO 🔵 Table 'videos_metadata' created or already exists.🟣
2025-06-04T12:19:04.825594+0000 INFO Inserted metadata for video: 10 Second Timer - Pineapple Explosion
2025-06-04T12:41:31.311656+0000 INFO Logger initialized successfully.
2025-06-04T12:41:45.541241+0000 INFO Search completed for keyword: 
2025-06-04T12:41:48.761099+0000 INFO Clearing all results from the listbox.
2025-06-04T12:41:49.744593+0000 INFO Search completed for keyword: 
2025-06-04T12:41:50.773371+0000 INFO Clearing all results from the listbox.
2025-06-04T12:41:56.598119+0000 INFO Search completed for keyword: 
2025-06-04T12:42:45.403171+0000 INFO Logger initialized successfully.
2025-06-04T12:43:03.354277+0000 INFO 🔵 Table 'videos_metadata' created or already exists.🟣
2025-06-04T12:43:47.955055+0000 INFO Logger initialized successfully.
2025-06-04T12:44:06.664481+0000 INFO Search completed for keyword: 
2025-06-04T12:44:06.772766+0000 INFO Search completed for keyword: 
2025-06-04T12:44:06.896089+0000 INFO Search completed for keyword: 
2025-06-04T12:44:07.001080+0000 INFO Search completed for keyword: 
2025-06-04T12:44:07.118044+0000 INFO Search completed for keyword: 
2025-06-04T12:44:07.225357+0000 INFO Search completed for keyword: 
2025-06-04T12:44:07.347947+0000 INFO Search completed for keyword: 
2025-06-04T12:44:07.453532+0000 INFO Search completed for keyword: 
2025-06-04T12:44:07.575930+0000 INFO Search completed for keyword: 
2025-06-04T12:44:07.686342+0000 INFO Search completed for keyword: 
2025-06-04T12:44:07.808471+0000 INFO Search completed for keyword: 
2025-06-04T12:44:07.920789+0000 INFO Search completed for keyword: 
2025-06-04T12:44:23.973778+0000 INFO Search completed for keyword: 
2025-06-04T12:44:26.656190+0000 INFO Search completed for keyword: 
2025-06-04T12:44:26.780224+0000 INFO Search completed for keyword: 
2025-06-04T12:44:26.870799+0000 INFO Search completed for keyword: 
2025-06-04T12:44:26.995187+0000 INFO Search completed for keyword: 
2025-06-04T12:44:27.100617+0000 INFO Search completed for keyword: 
2025-06-04T12:45:09.902508+0000 INFO Download action performed for ID: 3
